<?xml version="1.0" encoding="UTF-8"?>
<!-- Generated by org.testng.reporters.JUnitReportReporter -->
<testsuite name="test_Classes.Practise" tests="2" time="0.075" ignored="2" failures="0" timestamp="15 Dec 2018 15:22:27 GMT" skipped="0" hostname="Sony-PC" errors="0">
  <testcase name="testE" time="0.012" classname="test_Classes.Practise"/>
  <testcase name="testB" time="0.063" classname="test_Classes.Practise"/>
  <testcase name="testF" classname="test_Classes.Practise">
    <skipped/>
  </testcase> <!-- testF -->
  <testcase name="testC" classname="test_Classes.Practise">
    <skipped/>
  </testcase> <!-- testC -->
</testsuite> <!-- test_Classes.Practise -->
