<?xml version="1.0" encoding="UTF-8"?>
<!-- Generated by org.testng.reporters.JUnitReportReporter -->
<testsuite name="test_Classes.Practise1" tests="1" time="0.104" ignored="0" failures="0" timestamp="29 Apr 2019 19:25:29 GMT" skipped="0" hostname="Sony-PC" errors="0">
  <testcase name="testB" time="0.104" classname="test_Classes.Practise1"/>
</testsuite> <!-- test_Classes.Practise1 -->
