<?xml version="1.0" encoding="UTF-8"?>
<!-- Generated by org.testng.reporters.JUnitReportReporter -->
<testsuite name="test_Classes.Listeners" tests="2" time="0.015" ignored="0" failures="0" timestamp="13 Dec 2018 18:29:45 GMT" skipped="0" hostname="Sony-PC" errors="0">
  <testcase name="test1" time="0.015" classname="test_Classes.Listeners"/>
  <testcase name="test2" time="0.000" classname="test_Classes.Listeners"/>
</testsuite> <!-- test_Classes.Listeners -->
